D:\ProjectsWorkspace\HJKJ_salesman\salesman_PageObject\login_page.py--2020-11-27 11:35:15,206--INFO--20: ---登录方法已连接---
D:\ProjectsWorkspace\HJKJ_salesman\salesman_PageObject\login_page.py--2020-11-27 11:35:15,206--INFO--32: 输入用户名
D:\ProjectsWorkspace\HJKJ_salesman\salesman_PageObject\login_page.py--2020-11-27 11:35:17,281--INFO--38: 输入用户密码
D:\ProjectsWorkspace\HJKJ_salesman\salesman_PageObject\login_page.py--2020-11-27 11:35:18,292--INFO--44: 点击登录按钮
D:\ProjectsWorkspace\HJKJ_salesman\salesman_PageObject\login_page.py--2020-11-27 11:35:18,798--INFO--50: 判断是否登录成功...
D:\ProjectsWorkspace\HJKJ_salesman\salesman_PageObject\login_page.py--2020-11-27 11:35:19,786--INFO--28: --登录成功--
D:\ProjectsWorkspace\HJKJ_salesman\salesman_PageObject\create_customer_page.py--2020-11-27 11:35:19,786--INFO--24: 正在初始化页面:创建店铺...
D:\ProjectsWorkspace\HJKJ_salesman\salesman_PageObject\create_customer_page.py--2020-11-27 11:35:20,756--INFO--35: 点击店铺新增客户按钮
D:\ProjectsWorkspace\HJKJ_salesman\salesman_PageObject\create_customer_page.py--2020-11-27 11:35:21,289--INFO--41: 输入店铺账号
D:\ProjectsWorkspace\HJKJ_salesman\salesman_PageObject\create_customer_page.py--2020-11-27 11:35:21,805--INFO--47: 输入账号密码
D:\ProjectsWorkspace\HJKJ_salesman\salesman_PageObject\create_customer_page.py--2020-11-27 11:35:22,310--INFO--49: 输入确认账号密码
D:\ProjectsWorkspace\HJKJ_salesman\salesman_PageObject\create_customer_page.py--2020-11-27 11:35:22,813--INFO--55: 输入店铺名称
D:\ProjectsWorkspace\HJKJ_salesman\salesman_PageObject\create_customer_page.py--2020-11-27 11:35:23,332--INFO--61: 输入老板名称
D:\ProjectsWorkspace\HJKJ_salesman\salesman_PageObject\create_customer_page.py--2020-11-27 11:35:23,848--INFO--67: 选择店铺类型
D:\ProjectsWorkspace\HJKJ_salesman\salesman_PageObject\create_customer_page.py--2020-11-27 11:35:24,952--INFO--71: 当前选择的店铺类型为:烟酒店
D:\ProjectsWorkspace\HJKJ_salesman\salesman_PageObject\create_customer_page.py--2020-11-27 11:35:25,481--INFO--77: 输入店铺自定义地址
D:\ProjectsWorkspace\HJKJ_salesman\salesman_PageObject\create_customer_page.py--2020-11-27 11:35:25,482--INFO--82: 滑动屏幕至上传店铺照片位置
D:\ProjectsWorkspace\HJKJ_salesman\salesman_PageObject\create_customer_page.py--2020-11-27 11:35:26,592--INFO--88: 点击上传按钮
D:\ProjectsWorkspace\HJKJ_salesman\salesman_PageObject\create_customer_page.py--2020-11-27 11:35:27,376--INFO--90: 选择一张照片
D:\ProjectsWorkspace\HJKJ_salesman\salesman_PageObject\create_customer_page.py--2020-11-27 11:35:28,161--INFO--92: 点击确定
D:\ProjectsWorkspace\HJKJ_salesman\salesman_PageObject\create_customer_page.py--2020-11-27 11:35:28,947--INFO--94: 店铺照片上传完成
D:\ProjectsWorkspace\HJKJ_salesman\salesman_PageObject\create_customer_page.py--2020-11-27 11:35:30,322--INFO--100: 点击提交审核按钮
D:\ProjectsWorkspace\HJKJ_salesman\salesman_PageObject\base_page.py--2020-11-27 11:35:30,534--INFO--36: 断言成功：创建成功
D:\ProjectsWorkspace\HJKJ_salesman\salesman_PageObject\login_page.py--2020-11-27 11:35:40,246--INFO--20: ---登录方法已连接---
D:\ProjectsWorkspace\HJKJ_salesman\salesman_PageObject\login_page.py--2020-11-27 11:35:40,246--INFO--32: 输入用户名
D:\ProjectsWorkspace\HJKJ_salesman\salesman_PageObject\login_page.py--2020-11-27 11:35:42,447--INFO--38: 输入用户密码
D:\ProjectsWorkspace\HJKJ_salesman\salesman_PageObject\login_page.py--2020-11-27 11:35:43,458--INFO--44: 点击登录按钮
D:\ProjectsWorkspace\HJKJ_salesman\salesman_PageObject\login_page.py--2020-11-27 11:35:43,964--INFO--50: 判断是否登录成功...
D:\ProjectsWorkspace\HJKJ_salesman\salesman_PageObject\login_page.py--2020-11-27 11:35:44,972--INFO--28: --登录成功--
D:\ProjectsWorkspace\HJKJ_salesman\salesman_PageObject\create_order_page.py--2020-11-27 11:35:45,772--INFO--30: 在主页点击‘店铺’按钮,以切换至店铺列表
D:\ProjectsWorkspace\HJKJ_salesman\salesman_PageObject\create_order_page.py--2020-11-27 11:35:47,367--INFO--37: 选择一个下单的店铺
D:\ProjectsWorkspace\HJKJ_salesman\salesman_PageObject\return_order_page.py--2020-11-27 11:35:47,367--INFO--28: 切换到店铺页面且选择一个店铺
D:\ProjectsWorkspace\HJKJ_salesman\salesman_PageObject\return_order_page.py--2020-11-27 11:35:49,203--INFO--33: 点击退货按钮
D:\ProjectsWorkspace\HJKJ_salesman\salesman_PageObject\create_order_page.py--2020-11-27 11:35:50,829--INFO--98: 添加商品数量:4
D:\ProjectsWorkspace\HJKJ_salesman\salesman_PageObject\return_order_page.py--2020-11-27 11:35:51,336--INFO--44: 点击退货列表按钮
D:\ProjectsWorkspace\HJKJ_salesman\salesman_PageObject\return_order_page.py--2020-11-27 11:35:52,171--INFO--50: 点击仓库选择列表
D:\ProjectsWorkspace\HJKJ_salesman\salesman_PageObject\return_order_page.py--2020-11-27 11:35:52,993--INFO--53: 仓库已选择：SFBP致远仓库
D:\ProjectsWorkspace\HJKJ_salesman\salesman_PageObject\return_order_page.py--2020-11-27 11:35:53,736--INFO--59: 点击全选按钮
D:\ProjectsWorkspace\HJKJ_salesman\salesman_PageObject\return_order_page.py--2020-11-27 11:35:53,760--INFO--65: 点击结算按钮
D:\ProjectsWorkspace\HJKJ_salesman\salesman_PageObject\return_order_page.py--2020-11-27 11:35:55,763--INFO--73: 选择退款方式
D:\ProjectsWorkspace\HJKJ_salesman\salesman_PageObject\return_order_page.py--2020-11-27 11:35:56,291--INFO--79: 输入退货订单备注
D:\ProjectsWorkspace\HJKJ_salesman\salesman_PageObject\return_order_page.py--2020-11-27 11:35:56,793--INFO--85: 退款方式:业务员带款
D:\ProjectsWorkspace\HJKJ_salesman\salesman_PageObject\return_order_page.py--2020-11-27 11:35:56,820--INFO--87: 退货方式:配送员带回
D:\ProjectsWorkspace\HJKJ_salesman\salesman_PageObject\return_order_page.py--2020-11-27 11:35:56,842--INFO--89: 商品数量:共4件货，
D:\ProjectsWorkspace\HJKJ_salesman\salesman_PageObject\return_order_page.py--2020-11-27 11:35:56,866--INFO--91: 合计金额:519.6
D:\ProjectsWorkspace\HJKJ_salesman\salesman_PageObject\return_order_page.py--2020-11-27 11:35:58,836--INFO--97: 点击提交订单按钮
D:\ProjectsWorkspace\HJKJ_salesman\salesman_PageObject\base_page.py--2020-11-27 11:35:59,144--INFO--36: 断言成功：提交成功
D:\ProjectsWorkspace\HJKJ_salesman\salesman_PageObject\login_page.py--2020-11-27 11:36:09,436--INFO--20: ---登录方法已连接---
D:\ProjectsWorkspace\HJKJ_salesman\salesman_PageObject\login_page.py--2020-11-27 11:36:09,436--INFO--32: 输入用户名
D:\ProjectsWorkspace\HJKJ_salesman\salesman_PageObject\login_page.py--2020-11-27 11:36:11,605--INFO--38: 输入用户密码
D:\ProjectsWorkspace\HJKJ_salesman\salesman_PageObject\login_page.py--2020-11-27 11:36:12,626--INFO--44: 点击登录按钮
D:\ProjectsWorkspace\HJKJ_salesman\salesman_PageObject\login_page.py--2020-11-27 11:36:13,130--INFO--50: 判断是否登录成功...
D:\ProjectsWorkspace\HJKJ_salesman\salesman_PageObject\login_page.py--2020-11-27 11:36:14,118--INFO--28: --登录成功--
D:\ProjectsWorkspace\HJKJ_salesman\salesman_PageObject\create_order_page.py--2020-11-27 11:36:14,118--INFO--24: 正在初始化页面:店铺下单...
D:\ProjectsWorkspace\HJKJ_salesman\salesman_PageObject\create_order_page.py--2020-11-27 11:36:14,894--INFO--30: 在主页点击‘店铺’按钮,以切换至店铺列表
D:\ProjectsWorkspace\HJKJ_salesman\salesman_PageObject\create_order_page.py--2020-11-27 11:36:16,478--INFO--37: 选择一个下单的店铺
D:\ProjectsWorkspace\HJKJ_salesman\salesman_PageObject\create_order_page.py--2020-11-27 11:36:17,722--INFO--43: 点击下单按钮
D:\ProjectsWorkspace\HJKJ_salesman\salesman_PageObject\create_order_page.py--2020-11-27 11:36:18,968--INFO--49: 选择商品：旺仔牛奶 原味 300ml 1x1
D:\ProjectsWorkspace\HJKJ_salesman\salesman_PageObject\create_order_page.py--2020-11-27 11:36:22,939--INFO--61: 选择仓库(指定)：SFBP致远3号仓库
D:\ProjectsWorkspace\HJKJ_salesman\salesman_PageObject\create_order_page.py--2020-11-27 11:36:22,958--INFO--75: 商品库存：1256
D:\ProjectsWorkspace\HJKJ_salesman\salesman_PageObject\create_order_page.py--2020-11-27 11:36:23,867--INFO--83: 加入购物车
D:\ProjectsWorkspace\HJKJ_salesman\salesman_PageObject\create_order_page.py--2020-11-27 11:36:25,042--INFO--90: 点击购物车按钮，进入购物车页面
D:\ProjectsWorkspace\HJKJ_salesman\salesman_PageObject\create_order_page.py--2020-11-27 11:36:27,950--INFO--98: 添加商品数量:4
D:\ProjectsWorkspace\HJKJ_salesman\salesman_PageObject\create_order_page.py--2020-11-27 11:36:29,244--INFO--104: 勾选全部商品
D:\ProjectsWorkspace\HJKJ_salesman\salesman_PageObject\create_order_page.py--2020-11-27 11:36:29,269--INFO--110: 点击结算按钮
D:\ProjectsWorkspace\HJKJ_salesman\salesman_PageObject\create_order_page.py--2020-11-27 11:36:30,146--INFO--116: 点击查看明细并支付按钮
D:\ProjectsWorkspace\HJKJ_salesman\salesman_PageObject\create_order_page.py--2020-11-27 11:36:31,581--INFO--122: 输入订单备注
D:\ProjectsWorkspace\HJKJ_salesman\salesman_PageObject\create_order_page.py--2020-11-27 11:36:32,120--INFO--129: 订单商品总数：共5件货，
D:\ProjectsWorkspace\HJKJ_salesman\salesman_PageObject\create_order_page.py--2020-11-27 11:36:32,144--INFO--132: 订单商品总金额：83.45
D:\ProjectsWorkspace\HJKJ_salesman\salesman_PageObject\create_order_page.py--2020-11-27 11:36:32,165--INFO--139: 支付方式为：货到付款
D:\ProjectsWorkspace\HJKJ_salesman\salesman_PageObject\create_order_page.py--2020-11-27 11:36:32,195--INFO--142: 配送方式为：物流商配送
D:\ProjectsWorkspace\HJKJ_salesman\salesman_PageObject\create_order_page.py--2020-11-27 11:36:33,524--INFO--148: 点击提交订单按钮
D:\ProjectsWorkspace\HJKJ_salesman\salesman_PageObject\create_order_page.py--2020-11-27 11:36:33,558--INFO--154: 下单成功！
D:\ProjectsWorkspace\HJKJ_salesman\salesman_PageObject\create_order_page.py--2020-11-27 11:36:33,577--INFO--160: 点击返回工作台按钮
